[main] 2021-08-17 09:51:24 INFO  com.app.Main  - Welcome To Online Shopping App!
[main] 2021-08-17 09:51:24 INFO  com.app.Main  - Who you are
[main] 2021-08-17 09:51:24 INFO  com.app.Main  - **********************************
[main] 2021-08-17 09:51:24 INFO  com.app.Main  - 1) Employee
[main] 2021-08-17 09:51:24 INFO  com.app.Main  - 2) Customer
[main] 2021-08-17 09:51:24 INFO  com.app.Main  - 3) Exit
[main] 2021-08-17 09:51:24 INFO  com.app.Main  - Enter your choice between 1-6
[main] 2021-08-17 09:51:36 INFO  com.app.Main  - Welcome To Online Shopping App!
[main] 2021-08-17 09:51:36 INFO  com.app.Main  - Who you are
[main] 2021-08-17 09:51:36 INFO  com.app.Main  - **********************************
[main] 2021-08-17 09:51:36 INFO  com.app.Main  - 1) Employee
[main] 2021-08-17 09:51:36 INFO  com.app.Main  - 2) Customer
[main] 2021-08-17 09:51:36 INFO  com.app.Main  - 3) Exit
[main] 2021-08-17 09:51:36 INFO  com.app.Main  - Enter your choice between 1-6
[main] 2021-08-17 09:51:47 INFO  com.app.Main  - Work Under Construction
[main] 2021-08-17 09:53:19 INFO  com.app.Main  - Welcome To Online Shopping App!
[main] 2021-08-17 09:53:20 INFO  com.app.Main  - Who you are
[main] 2021-08-17 09:53:20 INFO  com.app.Main  - **********************************
[main] 2021-08-17 09:53:20 INFO  com.app.Main  - 1) Employee
[main] 2021-08-17 09:53:20 INFO  com.app.Main  - 2) Customer
[main] 2021-08-17 09:53:20 INFO  com.app.Main  - 3) Exit
[main] 2021-08-17 09:53:20 INFO  com.app.Main  - Enter your choice between 1-6
[main] 2021-08-17 09:53:34 WARN  com.app.Main  - Please enter valid choice (1-3)

[main] 2021-08-17 09:53:34 INFO  com.app.Main  - 1) Employee
[main] 2021-08-17 09:53:34 INFO  com.app.Main  - 2) Customer
[main] 2021-08-17 09:53:34 INFO  com.app.Main  - 3) Exit
[main] 2021-08-17 09:53:34 INFO  com.app.Main  - Enter your choice between 1-6
[main] 2021-08-17 09:53:39 INFO  com.app.Main  - Work Under Construction
[main] 2021-08-17 09:53:39 INFO  com.app.Main  - 1) Employee
[main] 2021-08-17 09:53:39 INFO  com.app.Main  - 2) Customer
[main] 2021-08-17 09:53:39 INFO  com.app.Main  - 3) Exit
[main] 2021-08-17 09:53:39 INFO  com.app.Main  - Enter your choice between 1-6
[main] 2021-08-17 09:53:41 INFO  com.app.Main  - Work Under Construction
[main] 2021-08-17 09:53:41 INFO  com.app.Main  - 1) Employee
[main] 2021-08-17 09:53:41 INFO  com.app.Main  - 2) Customer
[main] 2021-08-17 09:53:41 INFO  com.app.Main  - 3) Exit
[main] 2021-08-17 09:53:41 INFO  com.app.Main  - Enter your choice between 1-6
[main] 2021-08-17 09:53:42 INFO  com.app.Main  - Thanks for using our Shopping app. see you again!
[main] 2021-08-17 12:54:52 INFO  com.app.Main  - Welcome To Online Shopping App!
[main] 2021-08-17 12:54:52 INFO  com.app.Main  - Who you are
[main] 2021-08-17 12:54:52 INFO  com.app.Main  - **********************************
[main] 2021-08-17 12:54:52 INFO  com.app.Main  - 1) Employee
[main] 2021-08-17 12:54:52 INFO  com.app.Main  - 2) Customer
[main] 2021-08-17 12:54:52 INFO  com.app.Main  - 3) Exit
[main] 2021-08-17 12:54:52 INFO  com.app.Main  - Enter your choice between 1-3
[main] 2021-08-17 12:55:10 INFO  com.app.Main  - Work Under Construction
[main] 2021-08-17 12:55:10 INFO  com.app.Main  - 1) Employee
[main] 2021-08-17 12:55:10 INFO  com.app.Main  - 2) Customer
[main] 2021-08-17 12:55:10 INFO  com.app.Main  - 3) Exit
[main] 2021-08-17 12:55:10 INFO  com.app.Main  - Enter your choice between 1-3
[main] 2021-08-17 12:55:12 INFO  com.app.Main  - 
**** Welcome to Login Portel****
[main] 2021-08-17 12:55:12 INFO  com.app.Main  - Enter your username
[main] 2021-08-17 12:55:20 INFO  com.app.Main  - Enter your password
[main] 2021-08-17 12:55:25 INFO  com.app.Main  - Internal Problem Occured. Contact sysAdmin!
[main] 2021-08-17 12:55:25 INFO  com.app.Main  - 1) Employee
[main] 2021-08-17 12:55:25 INFO  com.app.Main  - 2) Customer
[main] 2021-08-17 12:55:25 INFO  com.app.Main  - 3) Exit
[main] 2021-08-17 12:55:25 INFO  com.app.Main  - Enter your choice between 1-3
[main] 2021-08-17 12:57:13 INFO  com.app.Main  - Welcome To Online Shopping App!
[main] 2021-08-17 12:57:13 INFO  com.app.Main  - Who you are
[main] 2021-08-17 12:57:13 INFO  com.app.Main  - **********************************
[main] 2021-08-17 12:57:13 INFO  com.app.Main  - 1) Employee
[main] 2021-08-17 12:57:13 INFO  com.app.Main  - 2) Customer
[main] 2021-08-17 12:57:13 INFO  com.app.Main  - 3) Exit
[main] 2021-08-17 12:57:13 INFO  com.app.Main  - Enter your choice between 1-3
[main] 2021-08-17 12:57:18 INFO  com.app.Main  - 
**** Welcome to Login Portel****
[main] 2021-08-17 12:57:18 INFO  com.app.Main  - Enter your username
[main] 2021-08-17 12:57:21 INFO  com.app.Main  - Enter your password
[main] 2021-08-17 12:58:01 INFO  com.app.Main  - Welcome To Online Shopping App!
[main] 2021-08-17 12:58:01 INFO  com.app.Main  - Who you are
[main] 2021-08-17 12:58:01 INFO  com.app.Main  - **********************************
[main] 2021-08-17 12:58:01 INFO  com.app.Main  - 1) Employee
[main] 2021-08-17 12:58:01 INFO  com.app.Main  - 2) Customer
[main] 2021-08-17 12:58:01 INFO  com.app.Main  - 3) Exit
[main] 2021-08-17 12:58:01 INFO  com.app.Main  - Enter your choice between 1-3
[main] 2021-08-17 12:58:05 INFO  com.app.Main  - 
**** Welcome to Login Portel****
[main] 2021-08-17 12:58:05 INFO  com.app.Main  - Enter your username
[main] 2021-08-17 12:58:11 INFO  com.app.Main  - Enter your password
[main] 2021-08-17 12:58:18 WARN  com.app.Main  - No value specified for parameter 2
[main] 2021-08-17 12:58:18 INFO  com.app.Main  - Internal Problem Occured. Contact sysAdmin!
[main] 2021-08-17 12:58:18 INFO  com.app.Main  - 1) Employee
[main] 2021-08-17 12:58:18 INFO  com.app.Main  - 2) Customer
[main] 2021-08-17 12:58:18 INFO  com.app.Main  - 3) Exit
[main] 2021-08-17 12:58:18 INFO  com.app.Main  - Enter your choice between 1-3
[main] 2021-08-17 12:58:31 INFO  com.app.Main  - Thanks for using our Shopping app. see you again!
[main] 2021-08-17 12:58:56 INFO  com.app.Main  - Welcome To Online Shopping App!
[main] 2021-08-17 12:58:56 INFO  com.app.Main  - Who you are
[main] 2021-08-17 12:58:56 INFO  com.app.Main  - **********************************
[main] 2021-08-17 12:58:56 INFO  com.app.Main  - 1) Employee
[main] 2021-08-17 12:58:56 INFO  com.app.Main  - 2) Customer
[main] 2021-08-17 12:58:56 INFO  com.app.Main  - 3) Exit
[main] 2021-08-17 12:58:56 INFO  com.app.Main  - Enter your choice between 1-3
[main] 2021-08-17 12:59:00 INFO  com.app.Main  - 
**** Welcome to Login Portel****
[main] 2021-08-17 12:59:00 INFO  com.app.Main  - Enter your username
[main] 2021-08-17 12:59:03 INFO  com.app.Main  - Enter your password
[main] 2021-08-17 12:59:07 INFO  com.app.Main  - Credentials is not matched with our Database!
[main] 2021-08-17 12:59:07 INFO  com.app.Main  - 1) Employee
[main] 2021-08-17 12:59:07 INFO  com.app.Main  - 2) Customer
[main] 2021-08-17 12:59:07 INFO  com.app.Main  - 3) Exit
[main] 2021-08-17 12:59:07 INFO  com.app.Main  - Enter your choice between 1-3
[main] 2021-08-17 13:00:44 INFO  com.app.Main  - Welcome To Online Shopping App!
[main] 2021-08-17 13:00:44 INFO  com.app.Main  - Who you are
[main] 2021-08-17 13:00:44 INFO  com.app.Main  - **********************************
[main] 2021-08-17 13:00:44 INFO  com.app.Main  - 1) Employee
[main] 2021-08-17 13:00:44 INFO  com.app.Main  - 2) Customer
[main] 2021-08-17 13:00:44 INFO  com.app.Main  - 3) Exit
[main] 2021-08-17 13:00:44 INFO  com.app.Main  - Enter your choice between 1-3
[main] 2021-08-17 13:00:46 INFO  com.app.Main  - 
**** Welcome to Login Portel****
[main] 2021-08-17 13:00:46 INFO  com.app.Main  - Enter your username
[main] 2021-08-17 13:00:52 INFO  com.app.Main  - Enter your password
[main] 2021-08-17 13:00:56 WARN  com.app.Main  - Column 'username' not found.
[main] 2021-08-17 13:00:56 INFO  com.app.Main  - Internal Problem Occured. Contact sysAdmin!
[main] 2021-08-17 13:00:56 INFO  com.app.Main  - 1) Employee
[main] 2021-08-17 13:00:56 INFO  com.app.Main  - 2) Customer
[main] 2021-08-17 13:00:56 INFO  com.app.Main  - 3) Exit
[main] 2021-08-17 13:00:56 INFO  com.app.Main  - Enter your choice between 1-3
[main] 2021-08-17 13:01:17 INFO  com.app.Main  - Welcome To Online Shopping App!
[main] 2021-08-17 13:01:17 INFO  com.app.Main  - Who you are
[main] 2021-08-17 13:01:17 INFO  com.app.Main  - **********************************
[main] 2021-08-17 13:01:17 INFO  com.app.Main  - 1) Employee
[main] 2021-08-17 13:01:17 INFO  com.app.Main  - 2) Customer
[main] 2021-08-17 13:01:17 INFO  com.app.Main  - 3) Exit
[main] 2021-08-17 13:01:17 INFO  com.app.Main  - Enter your choice between 1-3
[main] 2021-08-17 13:01:18 INFO  com.app.Main  - 
**** Welcome to Login Portel****
[main] 2021-08-17 13:01:18 INFO  com.app.Main  - Enter your username
[main] 2021-08-17 13:01:25 INFO  com.app.Main  - Enter your password
[main] 2021-08-17 13:01:29 INFO  com.app.Main  - jindalmohit2018
[main] 2021-08-17 13:01:29 INFO  com.app.Main  - Credentials is not matched with our Database!
[main] 2021-08-17 13:01:29 INFO  com.app.Main  - 1) Employee
[main] 2021-08-17 13:01:29 INFO  com.app.Main  - 2) Customer
[main] 2021-08-17 13:01:29 INFO  com.app.Main  - 3) Exit
[main] 2021-08-17 13:01:29 INFO  com.app.Main  - Enter your choice between 1-3
[main] 2021-08-17 13:27:46 INFO  com.app.Main  - Welcome To Online Shopping App!
[main] 2021-08-17 13:27:46 INFO  com.app.Main  - Who you are
[main] 2021-08-17 13:27:46 INFO  com.app.Main  - **********************************
[main] 2021-08-17 13:27:46 INFO  com.app.Main  - 1) Employee
[main] 2021-08-17 13:27:46 INFO  com.app.Main  - 2) Customer
[main] 2021-08-17 13:27:46 INFO  com.app.Main  - 3) Exit
[main] 2021-08-17 13:27:46 INFO  com.app.Main  - Enter your choice between 1-3
[main] 2021-08-17 13:27:49 INFO  com.app.Main  - 
**** Welcome to Login Portel****
[main] 2021-08-17 13:27:49 INFO  com.app.Main  - Enter your username
[main] 2021-08-17 13:27:53 INFO  com.app.Main  - Enter your password
[main] 2021-08-17 13:27:58 INFO  com.app.Main  - Work under construction!!!
[main] 2021-08-17 13:27:58 INFO  com.app.Main  - 1) Employee
[main] 2021-08-17 13:27:58 INFO  com.app.Main  - 2) Customer
[main] 2021-08-17 13:27:58 INFO  com.app.Main  - 3) Exit
[main] 2021-08-17 13:27:58 INFO  com.app.Main  - Enter your choice between 1-3
[main] 2021-08-17 13:28:02 INFO  com.app.Main  - 
**** Welcome to Login Portel****
[main] 2021-08-17 13:28:02 INFO  com.app.Main  - Enter your username
[main] 2021-08-17 13:28:08 INFO  com.app.Main  - Enter your password
[main] 2021-08-17 13:28:09 INFO  com.app.Main  - Credentials is not matched with our Database!
[main] 2021-08-17 13:28:09 INFO  com.app.Main  - 1) Employee
[main] 2021-08-17 13:28:09 INFO  com.app.Main  - 2) Customer
[main] 2021-08-17 13:28:09 INFO  com.app.Main  - 3) Exit
[main] 2021-08-17 13:28:09 INFO  com.app.Main  - Enter your choice between 1-3
[main] 2021-08-17 14:49:21 INFO  com.app.Main  - Welcome To Online Shopping App!
[main] 2021-08-17 14:49:21 INFO  com.app.Main  - Who you are
[main] 2021-08-17 14:49:21 INFO  com.app.Main  - **********************************
[main] 2021-08-17 14:49:21 INFO  com.app.Main  - 1) Employee
[main] 2021-08-17 14:49:21 INFO  com.app.Main  - 2) Customer
[main] 2021-08-17 14:49:21 INFO  com.app.Main  - 3) Exit
[main] 2021-08-17 14:49:21 INFO  com.app.Main  - Enter your choice between 1-3
[main] 2021-08-17 14:49:24 INFO  com.app.Main  - 
**** Welcome to Login Portal****
[main] 2021-08-17 14:49:24 INFO  com.app.Main  - Enter your username
[main] 2021-08-17 14:52:47 INFO  com.app.Main  - Enter your password
[main] 2021-08-17 14:52:51 INFO  com.app.Main  - Work under construction!!!
[main] 2021-08-17 14:52:51 INFO  com.app.Main  - 1) Employee
[main] 2021-08-17 14:52:51 INFO  com.app.Main  - 2) Customer
[main] 2021-08-17 14:52:51 INFO  com.app.Main  - 3) Exit
[main] 2021-08-17 14:52:51 INFO  com.app.Main  - Enter your choice between 1-3
[main] 2021-08-17 14:56:25 INFO  com.app.Main  - Welcome To Online Shopping App!
[main] 2021-08-17 14:56:25 INFO  com.app.Main  - Who you are
[main] 2021-08-17 14:56:25 INFO  com.app.Main  - **********************************
[main] 2021-08-17 14:56:25 INFO  com.app.Main  - 1) Employee
[main] 2021-08-17 14:56:25 INFO  com.app.Main  - 2) Customer
[main] 2021-08-17 14:56:25 INFO  com.app.Main  - 3) Exit
[main] 2021-08-17 14:56:25 INFO  com.app.Main  - Enter your choice between 1-3
[main] 2021-08-17 14:56:27 INFO  com.app.Main  - Entry is not appropriate. Please Enter Valid Choice

[main] 2021-08-17 14:56:27 INFO  com.app.Main  - 1) Employee
[main] 2021-08-17 14:56:27 INFO  com.app.Main  - 2) Customer
[main] 2021-08-17 14:56:27 INFO  com.app.Main  - 3) Exit
[main] 2021-08-17 14:56:27 INFO  com.app.Main  - Enter your choice between 1-3
[main] 2021-08-17 14:56:30 WARN  com.app.Main  - Please enter valid choice (1-3)

[main] 2021-08-17 14:56:30 INFO  com.app.Main  - 1) Employee
[main] 2021-08-17 14:56:30 INFO  com.app.Main  - 2) Customer
[main] 2021-08-17 14:56:30 INFO  com.app.Main  - 3) Exit
[main] 2021-08-17 14:56:30 INFO  com.app.Main  - Enter your choice between 1-3
[main] 2021-08-17 14:58:43 INFO  com.app.Main  - 
**** Welcome to Login Portal****
[main] 2021-08-17 14:58:43 INFO  com.app.Main  - Enter your username
[main] 2021-08-17 14:58:44 INFO  com.app.Main  - Enter your password
[main] 2021-08-17 14:58:47 INFO  com.app.Main  - Please enter valid Username and Password!
[main] 2021-08-17 14:58:47 INFO  com.app.Main  - 1) Employee
[main] 2021-08-17 14:58:47 INFO  com.app.Main  - 2) Customer
[main] 2021-08-17 14:58:47 INFO  com.app.Main  - 3) Exit
[main] 2021-08-17 14:58:47 INFO  com.app.Main  - Enter your choice between 1-3
[main] 2021-08-17 14:58:52 INFO  com.app.Main  - Thanks for using our Shopping app. see you again!
[main] 2021-08-17 14:59:29 INFO  com.app.Main  - Welcome To Online Shopping App!
[main] 2021-08-17 14:59:29 INFO  com.app.Main  - Who you are
[main] 2021-08-17 14:59:29 INFO  com.app.Main  - **********************************
[main] 2021-08-17 14:59:29 INFO  com.app.Main  - 1) Employee
[main] 2021-08-17 14:59:29 INFO  com.app.Main  - 2) Customer
[main] 2021-08-17 14:59:29 INFO  com.app.Main  - 3) Exit
[main] 2021-08-17 14:59:29 INFO  com.app.Main  - Enter your choice between 1-3
[main] 2021-08-17 14:59:32 INFO  com.app.Main  - 
**** Welcome to Login Portal****
[main] 2021-08-17 14:59:32 INFO  com.app.Main  - Enter your username
[main] 2021-08-17 14:59:33 INFO  com.app.Main  - Enter your password
[main] 2021-08-17 14:59:36 INFO  com.app.Main  - Credentials is not matched with our Database!
[main] 2021-08-17 14:59:36 INFO  com.app.Main  - 1) Employee
[main] 2021-08-17 14:59:36 INFO  com.app.Main  - 2) Customer
[main] 2021-08-17 14:59:36 INFO  com.app.Main  - 3) Exit
[main] 2021-08-17 14:59:36 INFO  com.app.Main  - Enter your choice between 1-3
[main] 2021-08-17 15:12:26 INFO  com.app.Main  - Welcome To Online Shopping App!
[main] 2021-08-17 15:12:26 INFO  com.app.Main  - Who you are
[main] 2021-08-17 15:12:26 INFO  com.app.Main  - **********************************
[main] 2021-08-17 15:12:26 INFO  com.app.Main  - 1) Employee
[main] 2021-08-17 15:12:26 INFO  com.app.Main  - 2) Customer
[main] 2021-08-17 15:12:26 INFO  com.app.Main  - 3) Exit
[main] 2021-08-17 15:12:26 INFO  com.app.Main  - Enter your choice between 1-3
[main] 2021-08-17 15:12:29 INFO  com.app.Main  - 
**** Welcome to Login Portal****
[main] 2021-08-17 15:12:29 INFO  com.app.Main  - Enter your username
[main] 2021-08-17 15:12:30 INFO  com.app.Main  - Enter your password
[main] 2021-08-17 15:12:31 INFO  com.app.Main  - Please enter valid Username and Password!
[main] 2021-08-17 15:12:31 INFO  com.app.Main  - 
**** Welcome to Login Portal****
[main] 2021-08-17 15:12:31 INFO  com.app.Main  - Enter your username
[main] 2021-08-17 21:22:44 INFO  com.app.Main  - Welcome To Online Shopping App!
[main] 2021-08-17 21:22:44 INFO  com.app.Main  - Who you are
[main] 2021-08-17 21:22:44 INFO  com.app.Main  - **********************************
[main] 2021-08-17 21:22:44 INFO  com.app.Main  - 1) Employee
[main] 2021-08-17 21:22:44 INFO  com.app.Main  - 2) Customer
[main] 2021-08-17 21:22:44 INFO  com.app.Main  - 3) Exit
[main] 2021-08-17 21:22:44 INFO  com.app.Main  - Enter your choice between 1-3
[main] 2021-08-17 21:22:59 INFO  com.app.Main  - 
**** Welcome to Employee Login Portal****
[main] 2021-08-17 21:22:59 INFO  com.app.Main  - Enter your username
[main] 2021-08-17 21:23:01 INFO  com.app.Main  - Enter your password
[main] 2021-08-17 21:24:45 INFO  com.app.Main  - Welcome To Online Shopping App!
[main] 2021-08-17 21:24:45 INFO  com.app.Main  - Who you are
[main] 2021-08-17 21:24:45 INFO  com.app.Main  - **********************************
[main] 2021-08-17 21:24:45 INFO  com.app.Main  - 1) Employee
[main] 2021-08-17 21:24:45 INFO  com.app.Main  - 2) Customer
[main] 2021-08-17 21:24:45 INFO  com.app.Main  - 3) Exit
[main] 2021-08-17 21:24:45 INFO  com.app.Main  - Enter your choice between 1-3
[main] 2021-08-17 21:24:47 INFO  com.app.Main  - 
**** Welcome to Employee Login Portal****
[main] 2021-08-17 21:24:47 INFO  com.app.Main  - Enter your username
[main] 2021-08-17 21:24:48 INFO  com.app.Main  - Enter your password
[main] 2021-08-17 21:24:52 INFO  com.app.Main  - Credentials is not matched with our Database!
[main] 2021-08-17 21:24:52 INFO  com.app.Main  - 
Remain chance to try login again is 1
[main] 2021-08-17 21:24:52 INFO  com.app.Main  - 
**** Welcome to Employee Login Portal****
[main] 2021-08-17 21:24:52 INFO  com.app.Main  - Enter your username
[main] 2021-08-17 21:24:59 INFO  com.app.Main  - Enter your password
[main] 2021-08-17 21:25:01 INFO  com.app.Main  - Credentials is not matched with our Database!
[main] 2021-08-17 21:25:01 INFO  com.app.Main  - 
Remain chance to try login again is 2
[main] 2021-08-17 21:25:01 INFO  com.app.Main  - 
**** Welcome to Employee Login Portal****
[main] 2021-08-17 21:25:01 INFO  com.app.Main  - Enter your username
[main] 2021-08-17 21:25:44 INFO  com.app.Main  - Welcome To Online Shopping App!
[main] 2021-08-17 21:25:44 INFO  com.app.Main  - Who you are
[main] 2021-08-17 21:25:44 INFO  com.app.Main  - **********************************
[main] 2021-08-17 21:25:44 INFO  com.app.Main  - 1) Employee
[main] 2021-08-17 21:25:44 INFO  com.app.Main  - 2) Customer
[main] 2021-08-17 21:25:44 INFO  com.app.Main  - 3) Exit
[main] 2021-08-17 21:25:44 INFO  com.app.Main  - Enter your choice between 1-3
[main] 2021-08-17 21:25:45 INFO  com.app.Main  - 
**** Welcome to Employee Login Portal****
[main] 2021-08-17 21:25:45 INFO  com.app.Main  - Enter your username
[main] 2021-08-17 21:25:46 INFO  com.app.Main  - Enter your password
[main] 2021-08-17 21:25:47 INFO  com.app.Main  - Please enter valid Username and Password!
[main] 2021-08-17 21:25:47 INFO  com.app.Main  - 
Remain chance to try login again is 4
[main] 2021-08-17 21:25:47 INFO  com.app.Main  - 
**** Welcome to Employee Login Portal****
[main] 2021-08-17 21:25:47 INFO  com.app.Main  - Enter your username
[main] 2021-08-17 21:25:52 INFO  com.app.Main  - Enter your password
[main] 2021-08-17 21:25:55 INFO  com.app.Main  - Credentials is not matched with our Database!
[main] 2021-08-17 21:25:55 INFO  com.app.Main  - 
Remain chance to try login again is 3
[main] 2021-08-17 21:25:55 INFO  com.app.Main  - 
**** Welcome to Employee Login Portal****
[main] 2021-08-17 21:25:55 INFO  com.app.Main  - Enter your username
[main] 2021-08-17 21:25:56 INFO  com.app.Main  - Enter your password
[main] 2021-08-17 21:25:57 INFO  com.app.Main  - Credentials is not matched with our Database!
[main] 2021-08-17 21:25:57 INFO  com.app.Main  - 
Remain chance to try login again is 2
[main] 2021-08-17 21:25:57 INFO  com.app.Main  - 
**** Welcome to Employee Login Portal****
[main] 2021-08-17 21:25:57 INFO  com.app.Main  - Enter your username
[main] 2021-08-17 21:25:59 INFO  com.app.Main  - Enter your password
[main] 2021-08-17 21:26:00 INFO  com.app.Main  - Credentials is not matched with our Database!
[main] 2021-08-17 21:26:00 INFO  com.app.Main  - 
Remain chance to try login again is 1
[main] 2021-08-17 21:26:00 INFO  com.app.Main  - 
**** Welcome to Employee Login Portal****
[main] 2021-08-17 21:26:00 INFO  com.app.Main  - Enter your username
[main] 2021-08-17 21:26:01 INFO  com.app.Main  - Enter your password
[main] 2021-08-17 21:26:02 INFO  com.app.Main  - Credentials is not matched with our Database!
[main] 2021-08-17 21:26:02 INFO  com.app.Main  - 
Remain chance to try login again is 0
[main] 2021-08-17 21:26:02 INFO  com.app.Main  - 1) Employee
[main] 2021-08-17 21:26:02 INFO  com.app.Main  - 2) Customer
[main] 2021-08-17 21:26:02 INFO  com.app.Main  - 3) Exit
[main] 2021-08-17 21:26:02 INFO  com.app.Main  - Enter your choice between 1-3
[main] 2021-08-17 21:26:08 INFO  com.app.Main  - Entry is not appropriate. Please Enter Valid Choice

[main] 2021-08-17 21:26:08 INFO  com.app.Main  - 1) Employee
[main] 2021-08-17 21:26:08 INFO  com.app.Main  - 2) Customer
[main] 2021-08-17 21:26:08 INFO  com.app.Main  - 3) Exit
[main] 2021-08-17 21:26:08 INFO  com.app.Main  - Enter your choice between 1-3
[main] 2021-08-17 21:26:12 INFO  com.app.Main  - Entry is not appropriate. Please Enter Valid Choice

[main] 2021-08-17 21:26:12 INFO  com.app.Main  - 1) Employee
[main] 2021-08-17 21:26:12 INFO  com.app.Main  - 2) Customer
[main] 2021-08-17 21:26:12 INFO  com.app.Main  - 3) Exit
[main] 2021-08-17 21:26:12 INFO  com.app.Main  - Enter your choice between 1-3
[main] 2021-08-17 21:26:46 INFO  com.app.Main  - Welcome To Online Shopping App!
[main] 2021-08-17 21:26:46 INFO  com.app.Main  - Who you are
[main] 2021-08-17 21:26:46 INFO  com.app.Main  - **********************************
[main] 2021-08-17 21:26:46 INFO  com.app.Main  - 1) Employee
[main] 2021-08-17 21:26:46 INFO  com.app.Main  - 2) Customer
[main] 2021-08-17 21:26:46 INFO  com.app.Main  - 3) Exit
[main] 2021-08-17 21:26:46 INFO  com.app.Main  - Enter your choice between 1-3
[main] 2021-08-17 21:26:47 INFO  com.app.Main  - 
**** Welcome to Employee Login Portal****
[main] 2021-08-17 21:26:47 INFO  com.app.Main  - Enter your username
[main] 2021-08-17 21:26:49 INFO  com.app.Main  - Enter your password
[main] 2021-08-17 21:26:49 INFO  com.app.Main  - Please enter valid Username and Password!
[main] 2021-08-17 21:26:49 INFO  com.app.Main  - 
Remain chance to try login again is 3
[main] 2021-08-17 21:26:49 INFO  com.app.Main  - 
**** Welcome to Employee Login Portal****
[main] 2021-08-17 21:26:49 INFO  com.app.Main  - Enter your username
[main] 2021-08-17 21:28:41 INFO  com.app.Main  - Welcome To Online Shopping App!
[main] 2021-08-17 21:28:41 INFO  com.app.Main  - Who you are
[main] 2021-08-17 21:28:41 INFO  com.app.Main  - **********************************
[main] 2021-08-17 21:28:41 INFO  com.app.Main  - 1) Employee
[main] 2021-08-17 21:28:41 INFO  com.app.Main  - 2) Customer
[main] 2021-08-17 21:28:41 INFO  com.app.Main  - 3) Exit
[main] 2021-08-17 21:28:41 INFO  com.app.Main  - Enter your choice between 1-3
[main] 2021-08-17 21:28:43 INFO  com.app.Main  - 
**** Welcome to Employee Login Portal****
[main] 2021-08-17 21:28:43 INFO  com.app.Main  - Enter your username
[main] 2021-08-17 21:28:44 INFO  com.app.Main  - Enter your password
[main] 2021-08-17 21:28:45 INFO  com.app.Main  - Please enter valid Username and Password!
[main] 2021-08-17 21:28:45 INFO  com.app.Main  - 
Remain chance to try login again is 4
[main] 2021-08-17 21:28:45 INFO  com.app.Main  - 
**** Welcome to Employee Login Portal****
[main] 2021-08-17 21:28:45 INFO  com.app.Main  - Enter your username
[main] 2021-08-17 21:28:47 INFO  com.app.Main  - Enter your password
[main] 2021-08-17 21:28:48 INFO  com.app.Main  - Please enter valid Username and Password!
[main] 2021-08-17 21:28:48 INFO  com.app.Main  - 
Remain chance to try login again is 3
[main] 2021-08-17 21:28:48 INFO  com.app.Main  - 
**** Welcome to Employee Login Portal****
[main] 2021-08-17 21:28:48 INFO  com.app.Main  - Enter your username
[main] 2021-08-17 21:28:49 INFO  com.app.Main  - Enter your password
[main] 2021-08-17 21:28:50 INFO  com.app.Main  - Please enter valid Username and Password!
[main] 2021-08-17 21:28:50 INFO  com.app.Main  - 
Remain chance to try login again is 2
[main] 2021-08-17 21:28:50 INFO  com.app.Main  - 
**** Welcome to Employee Login Portal****
[main] 2021-08-17 21:28:50 INFO  com.app.Main  - Enter your username
[main] 2021-08-17 21:28:51 INFO  com.app.Main  - Enter your password
[main] 2021-08-17 21:28:51 INFO  com.app.Main  - Please enter valid Username and Password!
[main] 2021-08-17 21:28:51 INFO  com.app.Main  - 
Remain chance to try login again is 1
[main] 2021-08-17 21:28:51 INFO  com.app.Main  - 1) Employee
[main] 2021-08-17 21:28:51 INFO  com.app.Main  - 2) Customer
[main] 2021-08-17 21:28:51 INFO  com.app.Main  - 3) Exit
[main] 2021-08-17 21:28:51 INFO  com.app.Main  - Enter your choice between 1-3
[main] 2021-08-17 21:32:25 INFO  com.app.Main  - Welcome To Online Shopping App!
[main] 2021-08-17 21:32:25 INFO  com.app.Main  - Who you are
[main] 2021-08-17 21:32:25 INFO  com.app.Main  - **********************************
[main] 2021-08-17 21:32:25 INFO  com.app.Main  - 1) Employee
[main] 2021-08-17 21:32:25 INFO  com.app.Main  - 2) Customer
[main] 2021-08-17 21:32:25 INFO  com.app.Main  - 3) Exit
[main] 2021-08-17 21:32:25 INFO  com.app.Main  - Enter your choice between 1-3
[main] 2021-08-17 21:32:27 INFO  com.app.Main  - 
**** Welcome to Employee Login Portal****
[main] 2021-08-17 21:32:27 INFO  com.app.Main  - Enter your username
[main] 2021-08-17 21:32:35 INFO  com.app.Main  - Welcome To Online Shopping App!
[main] 2021-08-17 21:32:35 INFO  com.app.Main  - Who you are
[main] 2021-08-17 21:32:35 INFO  com.app.Main  - **********************************
[main] 2021-08-17 21:32:35 INFO  com.app.Main  - 1) Employee
[main] 2021-08-17 21:32:35 INFO  com.app.Main  - 2) Customer
[main] 2021-08-17 21:32:35 INFO  com.app.Main  - 3) Exit
[main] 2021-08-17 21:32:35 INFO  com.app.Main  - Enter your choice between 1-3
[main] 2021-08-17 21:32:36 INFO  com.app.Main  - 
**** Welcome to Employee Login Portal****
[main] 2021-08-17 21:32:36 INFO  com.app.Main  - Enter your username
[main] 2021-08-17 21:32:37 INFO  com.app.Main  - Enter your password
[main] 2021-08-17 21:32:38 INFO  com.app.Main  - Please enter valid Username and Password!
[main] 2021-08-17 21:32:38 INFO  com.app.Main  - 
Remain chance to try login again is 4
[main] 2021-08-17 21:32:38 INFO  com.app.Main  - 
**** Welcome to Employee Login Portal****
[main] 2021-08-17 21:32:38 INFO  com.app.Main  - Enter your username
[main] 2021-08-17 21:32:41 INFO  com.app.Main  - Enter your password
[main] 2021-08-17 21:32:42 INFO  com.app.Main  - Please enter valid Username and Password!
[main] 2021-08-17 21:32:42 INFO  com.app.Main  - 
Remain chance to try login again is 3
[main] 2021-08-17 21:32:42 INFO  com.app.Main  - 
**** Welcome to Employee Login Portal****
[main] 2021-08-17 21:32:42 INFO  com.app.Main  - Enter your username
[main] 2021-08-17 21:32:43 INFO  com.app.Main  - Enter your password
[main] 2021-08-17 21:32:44 INFO  com.app.Main  - Please enter valid Username and Password!
[main] 2021-08-17 21:32:44 INFO  com.app.Main  - 
Remain chance to try login again is 2
[main] 2021-08-17 21:32:44 INFO  com.app.Main  - 
**** Welcome to Employee Login Portal****
[main] 2021-08-17 21:32:44 INFO  com.app.Main  - Enter your username
[main] 2021-08-17 21:32:46 INFO  com.app.Main  - Enter your password
[main] 2021-08-17 21:32:48 INFO  com.app.Main  - Please enter valid Username and Password!
[main] 2021-08-17 21:32:48 INFO  com.app.Main  - 
Remain chance to try login again is 1
[main] 2021-08-17 21:32:48 INFO  com.app.Main  - 
**** Welcome to Employee Login Portal****
[main] 2021-08-17 21:32:48 INFO  com.app.Main  - Enter your username
